[32m2025-01-14 22:56:12 -0500[0m - dagster - [34mDEBUG[0m - __ASSET_JOB - f2720a89-f673-4d44-9e65-87f0fe2bd135 - 81780 - LOGS_CAPTURED - Started capturing logs in process (pid: 81780).
[32m2025-01-14 22:56:12 -0500[0m - dagster - [34mDEBUG[0m - __ASSET_JOB - f2720a89-f673-4d44-9e65-87f0fe2bd135 - 81780 - E_com_analysis_dbt_assets - STEP_START - Started execution of step "E_com_analysis_dbt_assets".
[32m2025-01-14 22:56:12 -0500[0m - dagster - [34mINFO[0m - __ASSET_JOB - f2720a89-f673-4d44-9e65-87f0fe2bd135 - E_com_analysis_dbt_assets - A dbt subsetted execution is not being performed. Using the default dbt selection arguments `['--select', 'fqn:*']`.
INFO:dagster.builtin:__ASSET_JOB - f2720a89-f673-4d44-9e65-87f0fe2bd135 - E_com_analysis_dbt_assets - A dbt subsetted execution is not being performed. Using the default dbt selection arguments `['--select', 'fqn:*']`.
[32m2025-01-14 22:56:12 -0500[0m - dagster - [34mWARNING[0m - __ASSET_JOB - f2720a89-f673-4d44-9e65-87f0fe2bd135 - E_com_analysis_dbt_assets - An error was encountered when creating a handle to the dbt adapter in Dagster.
Traceback (most recent call last):
  File "/Users/opeyemifaronbi/Desktop/dbt-dagster/venv/lib/python3.10/site-packages/dagster_dbt/core/resource.py", line 672, in cli
    adapter = self._initialize_adapter(cli_vars)
  File "/Users/opeyemifaronbi/Desktop/dbt-dagster/venv/lib/python3.10/site-packages/dagster_dbt/core/resource.py", line 364, in _initialize_adapter
    profile = load_profile(self.project_dir, cli_vars, self.profile, self.target)
  File "/Users/opeyemifaronbi/Desktop/dbt-dagster/venv/lib/python3.10/site-packages/dbt/config/runtime.py", line 79, in load_profile
    profile = Profile.render(
  File "/Users/opeyemifaronbi/Desktop/dbt-dagster/venv/lib/python3.10/site-packages/dbt/config/profile.py", line 402, in render
    return cls.from_raw_profiles(
  File "/Users/opeyemifaronbi/Desktop/dbt-dagster/venv/lib/python3.10/site-packages/dbt/config/profile.py", line 359, in from_raw_profiles
    raise DbtProjectError("Could not find profile named '{}'".format(profile_name))
dbt.exceptions.DbtProjectError: Runtime Error
  Could not find profile named 'E_com_analysis'
WARNING:dagster.builtin:__ASSET_JOB - f2720a89-f673-4d44-9e65-87f0fe2bd135 - E_com_analysis_dbt_assets - An error was encountered when creating a handle to the dbt adapter in Dagster.
Traceback (most recent call last):
  File "/Users/opeyemifaronbi/Desktop/dbt-dagster/venv/lib/python3.10/site-packages/dagster_dbt/core/resource.py", line 672, in cli
    adapter = self._initialize_adapter(cli_vars)
  File "/Users/opeyemifaronbi/Desktop/dbt-dagster/venv/lib/python3.10/site-packages/dagster_dbt/core/resource.py", line 364, in _initialize_adapter
    profile = load_profile(self.project_dir, cli_vars, self.profile, self.target)
  File "/Users/opeyemifaronbi/Desktop/dbt-dagster/venv/lib/python3.10/site-packages/dbt/config/runtime.py", line 79, in load_profile
    profile = Profile.render(
  File "/Users/opeyemifaronbi/Desktop/dbt-dagster/venv/lib/python3.10/site-packages/dbt/config/profile.py", line 402, in render
    return cls.from_raw_profiles(
  File "/Users/opeyemifaronbi/Desktop/dbt-dagster/venv/lib/python3.10/site-packages/dbt/config/profile.py", line 359, in from_raw_profiles
    raise DbtProjectError("Could not find profile named '{}'".format(profile_name))
dbt.exceptions.DbtProjectError: Runtime Error
  Could not find profile named 'E_com_analysis'
[32m2025-01-14 22:56:12 -0500[0m - dagster - [34mINFO[0m - __ASSET_JOB - f2720a89-f673-4d44-9e65-87f0fe2bd135 - E_com_analysis_dbt_assets - Copying `/Users/opeyemifaronbi/Desktop/dbt-dagster/E_com_analysis/target/partial_parse.msgpack` to `/Users/opeyemifaronbi/Desktop/dbt-dagster/E_com_analysis/target/E_com_analysis_dbt_assets-f2720a8-a03f33c/partial_parse.msgpack` to take advantage of partial parsing.
INFO:dagster.builtin:__ASSET_JOB - f2720a89-f673-4d44-9e65-87f0fe2bd135 - E_com_analysis_dbt_assets - Copying `/Users/opeyemifaronbi/Desktop/dbt-dagster/E_com_analysis/target/partial_parse.msgpack` to `/Users/opeyemifaronbi/Desktop/dbt-dagster/E_com_analysis/target/E_com_analysis_dbt_assets-f2720a8-a03f33c/partial_parse.msgpack` to take advantage of partial parsing.
[32m2025-01-14 22:56:12 -0500[0m - dagster - [34mINFO[0m - __ASSET_JOB - f2720a89-f673-4d44-9e65-87f0fe2bd135 - E_com_analysis_dbt_assets - Running dbt command: `dbt build --select fqn:*`.
INFO:dagster.builtin:__ASSET_JOB - f2720a89-f673-4d44-9e65-87f0fe2bd135 - E_com_analysis_dbt_assets - Running dbt command: `dbt build --select fqn:*`.
[32m2025-01-14 22:56:18 -0500[0m - dagster - [34mDEBUG[0m - __ASSET_JOB - f2720a89-f673-4d44-9e65-87f0fe2bd135 - 81780 - E_com_analysis_dbt_assets - STEP_OUTPUT - Yielded output "AIR__seat_preferences" of type "Nothing". (Type check passed).
[32m2025-01-14 22:56:19 -0500[0m - dagster - [34mDEBUG[0m - __ASSET_JOB - f2720a89-f673-4d44-9e65-87f0fe2bd135 - 81780 - E_com_analysis_dbt_assets - ASSET_MATERIALIZATION - Materialized value AIR seat_preferences.
[32m2025-01-14 22:56:19 -0500[0m - dagster - [34mDEBUG[0m - __ASSET_JOB - f2720a89-f673-4d44-9e65-87f0fe2bd135 - 81780 - E_com_analysis_dbt_assets - STEP_OUTPUT - Yielded output "AIR__aircraft_utilization" of type "Nothing". (Type check passed).
[32m2025-01-14 22:56:19 -0500[0m - dagster - [34mDEBUG[0m - __ASSET_JOB - f2720a89-f673-4d44-9e65-87f0fe2bd135 - 81780 - E_com_analysis_dbt_assets - ASSET_MATERIALIZATION - Materialized value AIR aircraft_utilization.
[32m2025-01-14 22:56:19 -0500[0m - dagster - [34mDEBUG[0m - __ASSET_JOB - f2720a89-f673-4d44-9e65-87f0fe2bd135 - 81780 - E_com_analysis_dbt_assets - STEP_OUTPUT - Yielded output "ECOM__stg_customer_details" of type "Nothing". (Type check passed).
[32m2025-01-14 22:56:19 -0500[0m - dagster - [34mDEBUG[0m - __ASSET_JOB - f2720a89-f673-4d44-9e65-87f0fe2bd135 - 81780 - E_com_analysis_dbt_assets - ASSET_MATERIALIZATION - Materialized value ECOM stg_customer_details.
[32m2025-01-14 22:56:19 -0500[0m - dagster - [34mDEBUG[0m - __ASSET_JOB - f2720a89-f673-4d44-9e65-87f0fe2bd135 - 81780 - E_com_analysis_dbt_assets - STEP_OUTPUT - Yielded output "ECOM__stg_transactional_sales" of type "Nothing". (Type check passed).
[32m2025-01-14 22:56:19 -0500[0m - dagster - [34mDEBUG[0m - __ASSET_JOB - f2720a89-f673-4d44-9e65-87f0fe2bd135 - 81780 - E_com_analysis_dbt_assets - ASSET_MATERIALIZATION - Materialized value ECOM stg_transactional_sales.
[32m2025-01-14 22:56:19 -0500[0m - dagster - [34mDEBUG[0m - __ASSET_JOB - f2720a89-f673-4d44-9e65-87f0fe2bd135 - 81780 - E_com_analysis_dbt_assets - STEP_OUTPUT - Yielded output "ECOM__stg_product_catalog" of type "Nothing". (Type check passed).
[32m2025-01-14 22:56:19 -0500[0m - dagster - [34mDEBUG[0m - __ASSET_JOB - f2720a89-f673-4d44-9e65-87f0fe2bd135 - 81780 - E_com_analysis_dbt_assets - ASSET_MATERIALIZATION - Materialized value ECOM stg_product_catalog.
[32m2025-01-14 22:56:19 -0500[0m - dagster - [34mDEBUG[0m - __ASSET_JOB - f2720a89-f673-4d44-9e65-87f0fe2bd135 - 81780 - E_com_analysis_dbt_assets - STEP_OUTPUT - Yielded output "AIR__average_ticket_price" of type "Nothing". (Type check passed).
[32m2025-01-14 22:56:19 -0500[0m - dagster - [34mDEBUG[0m - __ASSET_JOB - f2720a89-f673-4d44-9e65-87f0fe2bd135 - 81780 - E_com_analysis_dbt_assets - ASSET_MATERIALIZATION - Materialized value AIR average_ticket_price.
[32m2025-01-14 22:56:20 -0500[0m - dagster - [34mDEBUG[0m - __ASSET_JOB - f2720a89-f673-4d44-9e65-87f0fe2bd135 - 81780 - E_com_analysis_dbt_assets - STEP_OUTPUT - Yielded output "AIR__revenue_per_flight" of type "Nothing". (Type check passed).
[32m2025-01-14 22:56:20 -0500[0m - dagster - [34mDEBUG[0m - __ASSET_JOB - f2720a89-f673-4d44-9e65-87f0fe2bd135 - 81780 - E_com_analysis_dbt_assets - ASSET_MATERIALIZATION - Materialized value AIR revenue_per_flight.
[32m2025-01-14 22:56:20 -0500[0m - dagster - [34mDEBUG[0m - __ASSET_JOB - f2720a89-f673-4d44-9e65-87f0fe2bd135 - 81780 - E_com_analysis_dbt_assets - STEP_OUTPUT - Yielded output "AIR__route_duration" of type "Nothing". (Type check passed).
[32m2025-01-14 22:56:20 -0500[0m - dagster - [34mDEBUG[0m - __ASSET_JOB - f2720a89-f673-4d44-9e65-87f0fe2bd135 - 81780 - E_com_analysis_dbt_assets - ASSET_MATERIALIZATION - Materialized value AIR route_duration.
[32m2025-01-14 22:56:20 -0500[0m - dagster - [34mDEBUG[0m - __ASSET_JOB - f2720a89-f673-4d44-9e65-87f0fe2bd135 - 81780 - E_com_analysis_dbt_assets - STEP_OUTPUT - Yielded output "AIR__airport_usage" of type "Nothing". (Type check passed).
[32m2025-01-14 22:56:20 -0500[0m - dagster - [34mDEBUG[0m - __ASSET_JOB - f2720a89-f673-4d44-9e65-87f0fe2bd135 - 81780 - E_com_analysis_dbt_assets - ASSET_MATERIALIZATION - Materialized value AIR airport_usage.
[32m2025-01-14 22:56:20 -0500[0m - dagster - [34mDEBUG[0m - __ASSET_JOB - f2720a89-f673-4d44-9e65-87f0fe2bd135 - 81780 - E_com_analysis_dbt_assets - STEP_OUTPUT - Yielded output "AIR__route_performance" of type "Nothing". (Type check passed).
[32m2025-01-14 22:56:20 -0500[0m - dagster - [34mDEBUG[0m - __ASSET_JOB - f2720a89-f673-4d44-9e65-87f0fe2bd135 - 81780 - E_com_analysis_dbt_assets - ASSET_MATERIALIZATION - Materialized value AIR route_performance.
[32m2025-01-14 22:56:20 -0500[0m - dagster - [34mDEBUG[0m - __ASSET_JOB - f2720a89-f673-4d44-9e65-87f0fe2bd135 - 81780 - E_com_analysis_dbt_assets - STEP_OUTPUT - Yielded output "AIR__flight_performance" of type "Nothing". (Type check passed).
[32m2025-01-14 22:56:20 -0500[0m - dagster - [34mDEBUG[0m - __ASSET_JOB - f2720a89-f673-4d44-9e65-87f0fe2bd135 - 81780 - E_com_analysis_dbt_assets - ASSET_MATERIALIZATION - Materialized value AIR flight_performance.
[32m2025-01-14 22:56:20 -0500[0m - dagster - [34mDEBUG[0m - __ASSET_JOB - f2720a89-f673-4d44-9e65-87f0fe2bd135 - 81780 - E_com_analysis_dbt_assets - STEP_OUTPUT - Yielded output "AIR__passenger_bookings" of type "Nothing". (Type check passed).
[32m2025-01-14 22:56:20 -0500[0m - dagster - [34mDEBUG[0m - __ASSET_JOB - f2720a89-f673-4d44-9e65-87f0fe2bd135 - 81780 - E_com_analysis_dbt_assets - ASSET_MATERIALIZATION - Materialized value AIR passenger_bookings.
[32m2025-01-14 22:56:20 -0500[0m - dagster - [34mDEBUG[0m - __ASSET_JOB - f2720a89-f673-4d44-9e65-87f0fe2bd135 - 81780 - E_com_analysis_dbt_assets - ASSET_CHECK_EVALUATION - ASSET_CHECK_EVALUATION for step E_com_analysis_dbt_assets
[32m2025-01-14 22:56:20 -0500[0m - dagster - [34mDEBUG[0m - __ASSET_JOB - f2720a89-f673-4d44-9e65-87f0fe2bd135 - 81780 - E_com_analysis_dbt_assets - STEP_OUTPUT - Yielded output "ECOM__stg_transactional_sales_not_null_stg_transactional_sales_TRANSACTION_ID" of type "Any". (Type check passed).
[32m2025-01-14 22:56:20 -0500[0m - dagster - [34mDEBUG[0m - __ASSET_JOB - f2720a89-f673-4d44-9e65-87f0fe2bd135 - 81780 - E_com_analysis_dbt_assets - STEP_OUTPUT - Yielded output "ECOM__dim_customers" of type "Nothing". (Type check passed).
[32m2025-01-14 22:56:21 -0500[0m - dagster - [34mDEBUG[0m - __ASSET_JOB - f2720a89-f673-4d44-9e65-87f0fe2bd135 - 81780 - E_com_analysis_dbt_assets - ASSET_MATERIALIZATION - Materialized value ECOM dim_customers.
[32m2025-01-14 22:56:21 -0500[0m - dagster - [34mDEBUG[0m - __ASSET_JOB - f2720a89-f673-4d44-9e65-87f0fe2bd135 - 81780 - E_com_analysis_dbt_assets - STEP_OUTPUT - Yielded output "ECOM__dim_products" of type "Nothing". (Type check passed).
[32m2025-01-14 22:56:21 -0500[0m - dagster - [34mDEBUG[0m - __ASSET_JOB - f2720a89-f673-4d44-9e65-87f0fe2bd135 - 81780 - E_com_analysis_dbt_assets - ASSET_MATERIALIZATION - Materialized value ECOM dim_products.
[32m2025-01-14 22:56:21 -0500[0m - dagster - [34mDEBUG[0m - __ASSET_JOB - f2720a89-f673-4d44-9e65-87f0fe2bd135 - 81780 - E_com_analysis_dbt_assets - ASSET_CHECK_EVALUATION - ASSET_CHECK_EVALUATION for step E_com_analysis_dbt_assets
[32m2025-01-14 22:56:21 -0500[0m - dagster - [34mDEBUG[0m - __ASSET_JOB - f2720a89-f673-4d44-9e65-87f0fe2bd135 - 81780 - E_com_analysis_dbt_assets - STEP_OUTPUT - Yielded output "ECOM__stg_transactional_sales_unique_stg_transactional_sales_TRANSACTION_ID" of type "Any". (Type check passed).
[32m2025-01-14 22:56:21 -0500[0m - dagster - [34mDEBUG[0m - __ASSET_JOB - f2720a89-f673-4d44-9e65-87f0fe2bd135 - 81780 - E_com_analysis_dbt_assets - ASSET_CHECK_EVALUATION - ASSET_CHECK_EVALUATION for step E_com_analysis_dbt_assets
[32m2025-01-14 22:56:21 -0500[0m - dagster - [34mDEBUG[0m - __ASSET_JOB - f2720a89-f673-4d44-9e65-87f0fe2bd135 - 81780 - E_com_analysis_dbt_assets - STEP_OUTPUT - Yielded output "ECOM__dim_customers_not_null_dim_customers_CUSTOMER_ID" of type "Any". (Type check passed).
[32m2025-01-14 22:56:21 -0500[0m - dagster - [34mDEBUG[0m - __ASSET_JOB - f2720a89-f673-4d44-9e65-87f0fe2bd135 - 81780 - E_com_analysis_dbt_assets - STEP_OUTPUT - Yielded output "ECOM__fact_sales" of type "Nothing". (Type check passed).
[32m2025-01-14 22:56:21 -0500[0m - dagster - [34mDEBUG[0m - __ASSET_JOB - f2720a89-f673-4d44-9e65-87f0fe2bd135 - 81780 - E_com_analysis_dbt_assets - ASSET_MATERIALIZATION - Materialized value ECOM fact_sales.
[32m2025-01-14 22:56:21 -0500[0m - dagster - [34mDEBUG[0m - __ASSET_JOB - f2720a89-f673-4d44-9e65-87f0fe2bd135 - 81780 - E_com_analysis_dbt_assets - ASSET_CHECK_EVALUATION - ASSET_CHECK_EVALUATION for step E_com_analysis_dbt_assets
[32m2025-01-14 22:56:21 -0500[0m - dagster - [34mDEBUG[0m - __ASSET_JOB - f2720a89-f673-4d44-9e65-87f0fe2bd135 - 81780 - E_com_analysis_dbt_assets - STEP_OUTPUT - Yielded output "ECOM__dim_customers_unique_dim_customers_CUSTOMER_ID" of type "Any". (Type check passed).
[32m2025-01-14 22:56:21 -0500[0m - dagster - [34mDEBUG[0m - __ASSET_JOB - f2720a89-f673-4d44-9e65-87f0fe2bd135 - 81780 - E_com_analysis_dbt_assets - STEP_OUTPUT - Yielded output "ECOM__sales_summary_by_date" of type "Nothing". (Type check passed).
[32m2025-01-14 22:56:21 -0500[0m - dagster - [34mDEBUG[0m - __ASSET_JOB - f2720a89-f673-4d44-9e65-87f0fe2bd135 - 81780 - E_com_analysis_dbt_assets - ASSET_MATERIALIZATION - Materialized value ECOM sales_summary_by_date.
[32m2025-01-14 22:56:21 -0500[0m - dagster - [34mDEBUG[0m - __ASSET_JOB - f2720a89-f673-4d44-9e65-87f0fe2bd135 - 81780 - E_com_analysis_dbt_assets - STEP_OUTPUT - Yielded output "ECOM__customer_segmentation" of type "Nothing". (Type check passed).
[32m2025-01-14 22:56:21 -0500[0m - dagster - [34mDEBUG[0m - __ASSET_JOB - f2720a89-f673-4d44-9e65-87f0fe2bd135 - 81780 - E_com_analysis_dbt_assets - ASSET_MATERIALIZATION - Materialized value ECOM customer_segmentation.
[32m2025-01-14 22:56:22 -0500[0m - dagster - [34mDEBUG[0m - __ASSET_JOB - f2720a89-f673-4d44-9e65-87f0fe2bd135 - 81780 - E_com_analysis_dbt_assets - ASSET_CHECK_EVALUATION - ASSET_CHECK_EVALUATION for step E_com_analysis_dbt_assets
[32m2025-01-14 22:56:22 -0500[0m - dagster - [34mDEBUG[0m - __ASSET_JOB - f2720a89-f673-4d44-9e65-87f0fe2bd135 - 81780 - E_com_analysis_dbt_assets - STEP_OUTPUT - Yielded output "ECOM__sales_summary_by_date_not_null_sales_summary_by_date_total_quantity" of type "Any". (Type check passed).
[32m2025-01-14 22:56:22 -0500[0m - dagster - [34mDEBUG[0m - __ASSET_JOB - f2720a89-f673-4d44-9e65-87f0fe2bd135 - 81780 - E_com_analysis_dbt_assets - ASSET_CHECK_EVALUATION - ASSET_CHECK_EVALUATION for step E_com_analysis_dbt_assets
[32m2025-01-14 22:56:22 -0500[0m - dagster - [34mDEBUG[0m - __ASSET_JOB - f2720a89-f673-4d44-9e65-87f0fe2bd135 - 81780 - E_com_analysis_dbt_assets - STEP_OUTPUT - Yielded output "ECOM__sales_summary_by_date_not_null_sales_summary_by_date_total_sales" of type "Any". (Type check passed).
[32m2025-01-14 22:56:23 -0500[0m - dagster - [34mINFO[0m - __ASSET_JOB - f2720a89-f673-4d44-9e65-87f0fe2bd135 - E_com_analysis_dbt_assets - Finished dbt command: `dbt build --select fqn:*`.
INFO:dagster.builtin:__ASSET_JOB - f2720a89-f673-4d44-9e65-87f0fe2bd135 - E_com_analysis_dbt_assets - Finished dbt command: `dbt build --select fqn:*`.
[32m2025-01-14 22:56:23 -0500[0m - dagster - [34mERROR[0m - [31m__ASSET_JOB - f2720a89-f673-4d44-9e65-87f0fe2bd135 - 81780 - E_com_analysis_dbt_assets - STEP_FAILURE - Execution of step "E_com_analysis_dbt_assets" failed.

dagster_dbt.errors.DagsterDbtCliRuntimeError: The dbt CLI process with command

`dbt build --select fqn:*`

failed with exit code `1`. Check the stdout in the Dagster compute logs for the full information about the error, or view the dbt debug log: /Users/opeyemifaronbi/Desktop/dbt-dagster/E_com_analysis/target/E_com_analysis_dbt_assets-f2720a8-a03f33c/dbt.log.

Errors parsed from dbt logs:

4 of 24 ERROR creating sql view model AIR.booking_trends ....................... [[31mERROR[0m in 0.28s]

  Database Error in model booking_trends (models/RAW_LOCAL/Booking_Trends/booking_trends.sql)
  002140 (42601): SQL compilation error:
  Unknown function DATETRUNC
  compiled code at target/E_com_analysis_dbt_assets-f2720a8-a03f33c/run/E_com_analysis/models/RAW_LOCAL/Booking_Trends/booking_trends.sql

Stack Trace:
  File "/Users/opeyemifaronbi/Desktop/dbt-dagster/venv/lib/python3.10/site-packages/dagster/_core/execution/plan/execute_plan.py", line 245, in dagster_event_sequence_for_step
    for step_event in check.generator(step_events):
  File "/Users/opeyemifaronbi/Desktop/dbt-dagster/venv/lib/python3.10/site-packages/dagster/_core/execution/plan/execute_step.py", line 500, in core_dagster_event_sequence_for_step
    for user_event in _step_output_error_checked_user_event_sequence(
  File "/Users/opeyemifaronbi/Desktop/dbt-dagster/venv/lib/python3.10/site-packages/dagster/_core/execution/plan/execute_step.py", line 183, in _step_output_error_checked_user_event_sequence
    for user_event in user_event_sequence:
  File "/Users/opeyemifaronbi/Desktop/dbt-dagster/venv/lib/python3.10/site-packages/dagster/_core/execution/plan/execute_step.py", line 87, in _process_asset_results_to_events
    for user_event in user_event_sequence:
  File "/Users/opeyemifaronbi/Desktop/dbt-dagster/venv/lib/python3.10/site-packages/dagster/_core/execution/plan/compute.py", line 193, in execute_core_compute
    for step_output in _yield_compute_results(step_context, inputs, compute_fn, compute_context):
  File "/Users/opeyemifaronbi/Desktop/dbt-dagster/venv/lib/python3.10/site-packages/dagster/_core/execution/plan/compute.py", line 162, in _yield_compute_results
    for event in iterate_with_context(
  File "/Users/opeyemifaronbi/Desktop/dbt-dagster/venv/lib/python3.10/site-packages/dagster/_utils/__init__.py", line 490, in iterate_with_context
    next_output = next(iterator)
  File "/Users/opeyemifaronbi/Desktop/dbt-dagster/my_dagster/my_dagster/assets.py", line 9, in E_com_analysis_dbt_assets
    yield from dbt.cli(["build"], context=context).stream()
  File "/Users/opeyemifaronbi/Desktop/dbt-dagster/venv/lib/python3.10/site-packages/dagster_dbt/core/dbt_event_iterator.py", line 202, in __next__
    return next(self._inner_iterator)
  File "/Users/opeyemifaronbi/Desktop/dbt-dagster/venv/lib/python3.10/site-packages/dagster_dbt/core/dbt_cli_invocation.py", line 274, in _stream_asset_events
    for event in self.stream_raw_events():
  File "/Users/opeyemifaronbi/Desktop/dbt-dagster/venv/lib/python3.10/site-packages/dagster_dbt/core/dbt_cli_invocation.py", line 367, in stream_raw_events
    self._raise_on_error()
  File "/Users/opeyemifaronbi/Desktop/dbt-dagster/venv/lib/python3.10/site-packages/dagster_dbt/core/dbt_cli_invocation.py", line 460, in _raise_on_error
    raise error
[0m
